<?xml version="1.0" encoding="UTF-8"?>
<!-- Generated by org.testng.reporters.JUnitXMLReporter -->
<testsuite ignored="1" hostname="Mattia" failures="0" tests="5" name="Home Login" time="0.011" errors="0" timestamp="2026-07-25T11:49:04 CEST">
  <testcase classname="testNGTutorial.Test3" name="apiLogin" time="0.001"/>
  <testcase classname="testNGTutorial.Test3" name="login" time="0.001"/>
  <testcase classname="testNGTutorial.Test3" name="mobileLogin" time="0.001"/>
  <testcase classname="testNGTutorial.Test4" name="apiLoginHome" time="0.001"/>
  <testcase classname="testNGTutorial.Test4" name="loginHome" time="0.001"/>
  <testcase classname="testNGTutorial.Test4" name="mobileLoginHome" time="0.0">
    <ignored/>
  </testcase> <!-- mobileLoginHome -->
</testsuite> <!-- Home Login -->
