<?xml version="1.0" encoding="UTF-8"?>
<!-- Generated by org.testng.reporters.JUnitXMLReporter -->
<testsuite ignored="0" hostname="LIT5CG1291F7N" failures="0" tests="6" name="Home Login" time="0.044" errors="0" timestamp="2026-07-24T09:43:18 CEST">
  <testcase classname="testNGTutorial.Test3" name="apiLogin" time="0.002"/>
  <testcase classname="testNGTutorial.Test3" name="login" time="0.003"/>
  <testcase classname="testNGTutorial.Test3" name="mobileLogin" time="0.003"/>
  <testcase classname="testNGTutorial.Test4" name="apiLoginHome" time="0.004"/>
  <testcase classname="testNGTutorial.Test4" name="loginHome" time="0.002"/>
  <testcase classname="testNGTutorial.Test4" name="mobileLoginHome" time="0.003"/>
</testsuite> <!-- Home Login -->
