<?xml version="1.0" encoding="UTF-8"?>
<!-- Generated by org.testng.reporters.JUnitXMLReporter -->
<testsuite ignored="1" hostname="Mattia" failures="0" tests="3" name="MyPersonalProject" time="0.036" errors="0" timestamp="2026-07-25T11:57:14 CEST">
  <testcase classname="testNGTutorial.TestNGIntro" name="demo" time="0.006"/>
  <testcase classname="testNGTutorial.TestNGIntro" name="testScenario" time="0.0"/>
  <testcase classname="testNGTutorial.Test2" name="test3" time="0.0"/>
  <testcase classname="testNGTutorial.Test2" name="doNotExecute" time="0.0">
    <ignored/>
  </testcase> <!-- doNotExecute -->
</testsuite> <!-- MyPersonalProject -->
