<?xml version="1.0" encoding="UTF-8"?>
<!-- Generated by org.testng.reporters.JUnitXMLReporter -->
<testsuite ignored="1" hostname="LIT5CG1291F7N" failures="0" tests="3" name="MyPersonalProject" time="0.107" errors="0" timestamp="2026-07-27T08:38:58 CEST">
  <testcase classname="testNGTutorial.TestNGIntro" name="demo" time="0.013"/>
  <testcase classname="testNGTutorial.TestNGIntro" name="testScenario" time="0.002"/>
  <testcase classname="testNGTutorial.Test2" name="test3" time="0.002"/>
  <testcase classname="testNGTutorial.Test2" name="doNotExecute" time="0.0">
    <ignored/>
  </testcase> <!-- doNotExecute -->
</testsuite> <!-- MyPersonalProject -->
