<?xml version="1.0" encoding="UTF-8"?>
<!-- Generated by org.testng.reporters.JUnitXMLReporter -->
<testsuite ignored="0" hostname="LIT5CG1291F7N" failures="0" tests="3" name="MyçPersonalProject" time="0.114" errors="0" timestamp="2026-07-24T09:43:18 CEST">
  <testcase classname="testNGTutorial.TestNGIntro" name="demo" time="0.022"/>
  <testcase classname="testNGTutorial.TestNGIntro" name="testScenario" time="0.004"/>
  <testcase classname="testNGTutorial.Test2" name="test3" time="0.002"/>
</testsuite> <!-- MyçPersonalProject -->
