<?xml version="1.0" encoding="UTF-8"?>
<!-- Generated by org.testng.reporters.JUnitXMLReporter -->
<testsuite ignored="0" hostname="Mattia" failures="0" tests="3" name="MyçPersonalProject" time="0.031" errors="0" timestamp="2026-07-25T11:49:04 CEST">
  <testcase classname="testNGTutorial.TestNGIntro" name="demo" time="0.006"/>
  <testcase classname="testNGTutorial.TestNGIntro" name="testScenario" time="0.001"/>
  <testcase classname="testNGTutorial.Test2" name="test3" time="0.001"/>
</testsuite> <!-- MyçPersonalProject -->
