<?xml version="1.0" encoding="UTF-8"?>
<!-- Generated by org.testng.reporters.JUnitXMLReporter -->
<testsuite ignored="0" hostname="LIT5CG1291F7N" failures="0" tests="12" name="Testing automation" time="0.243" errors="0" timestamp="2026-07-27T09:45:08 CEST">
  <testcase classname="testNGTutorial.Test2" name="doNotExecute" time="0.014"/>
  <testcase classname="testNGTutorial.Test2" name="test3" time="0.002"/>
  <testcase classname="testNGTutorial.Test3" name="apiLogin" time="0.005"/>
  <testcase classname="testNGTutorial.Test3" name="login" time="0.002"/>
  <testcase classname="testNGTutorial.Test3" name="mobileLogin" time="0.002"/>
  <testcase classname="testNGTutorial.Test4" name="apiLoginHome" time="0.003"/>
  <testcase classname="testNGTutorial.Test4" name="loginHome" time="0.003"/>
  <testcase classname="testNGTutorial.Test4" name="mobileLoginHome" time="0.004"/>
  <testcase classname="testNGTutorial.Test4" name="mobileSignIn" time="0.003"/>
  <testcase classname="testNGTutorial.Test4" name="mobileSignOut" time="0.002"/>
  <testcase classname="testNGTutorial.TestNGIntro" name="demo" time="0.003"/>
  <testcase classname="testNGTutorial.TestNGIntro" name="testScenario" time="0.003"/>
</testsuite> <!-- Testing automation -->
