<?xml version="1.0" encoding="UTF-8"?>
<!-- Generated by org.testng.reporters.JUnitXMLReporter -->
<testsuite ignored="1" hostname="LIT5CG1291F7N" failures="0" tests="4" name="Default test" time="0.173" errors="0" timestamp="2026-07-27T15:32:14 CEST">
  <testcase classname="testNGTutorial.Test4" name="apiLoginHome" time="0.024"/>
  <testcase classname="testNGTutorial.Test4" name="loginHome" time="0.003"/>
  <testcase classname="testNGTutorial.Test4" name="mobileLoginHome" time="0.002"/>
  <testcase classname="testNGTutorial.Test4" name="mobileSignIn" time="0.003"/>
  <testcase classname="testNGTutorial.Test4" name="mobileSignOut" time="0.0">
    <ignored/>
  </testcase> <!-- mobileSignOut -->
</testsuite> <!-- Default test -->
