<?xml version="1.0" encoding="UTF-8"?>
<testng-results ignored="2" total="7" passed="5" failed="0" skipped="0">
  <reporter-output>
  </reporter-output>
  <suite started-at="2026-07-29T12:47:00 CEST" name="Sanity Test" finished-at="2026-07-29T12:47:00 CEST" duration-ms="584">
    <groups>
      <group name="sanity">
        <method signature="Test4.loginHome(java.lang.String)[pri:0, instance:testNGTutorial.Test4@1165b38]" name="loginHome" class="testNGTutorial.Test4"/>
        <method signature="Test4.mobileLoginHome()[pri:0, instance:testNGTutorial.Test4@1165b38]" name="mobileLoginHome" class="testNGTutorial.Test4"/>
        <method signature="Test4.mobileSignIn(java.lang.String,java.lang.String)[pri:0, instance:testNGTutorial.Test4@1165b38]" name="mobileSignIn" class="testNGTutorial.Test4"/>
      </group> <!-- sanity -->
    </groups>
    <test started-at="2026-07-29T12:47:00 CEST" name="Sanity" finished-at="2026-07-29T12:47:00 CEST" duration-ms="584">
      <class name="testNGTutorial.Test4">
        <test-method signature="loginHome(java.lang.String)[pri:0, instance:testNGTutorial.Test4@1165b38]" started-at="2026-07-29T12:47:00 CEST" name="loginHome" finished-at="2026-07-29T12:47:00 CEST" duration-ms="90" status="PASS">
          <params>
            <param index="0">
              <value>
                <![CDATA[https://rahulshettyacademy.com/seleniumPractise/#/offers]]>
              </value>
            </param>
          </params>
          <reporter-output>
          </reporter-output>
        </test-method> <!-- loginHome -->
        <test-method signature="mobileLoginHome()[pri:0, instance:testNGTutorial.Test4@1165b38]" started-at="2026-07-29T12:47:00 CEST" name="mobileLoginHome" finished-at="2026-07-29T12:47:00 CEST" duration-ms="32" status="PASS">
          <reporter-output>
          </reporter-output>
        </test-method> <!-- mobileLoginHome -->
        <test-method signature="mobileSignIn(java.lang.String,java.lang.String)[pri:0, instance:testNGTutorial.Test4@1165b38]" started-at="2026-07-29T12:47:00 CEST" name="mobileSignIn" data-provider="getData" finished-at="2026-07-29T12:47:00 CEST" duration-ms="60" status="PASS">
          <params>
            <param index="0">
              <value>
                <![CDATA[firstUsername]]>
              </value>
            </param>
            <param index="1">
              <value>
                <![CDATA[firstPassword]]>
              </value>
            </param>
          </params>
          <reporter-output>
          </reporter-output>
        </test-method> <!-- mobileSignIn -->
        <test-method signature="mobileSignIn(java.lang.String,java.lang.String)[pri:0, instance:testNGTutorial.Test4@1165b38]" started-at="2026-07-29T12:47:00 CEST" name="mobileSignIn" data-provider="getData" finished-at="2026-07-29T12:47:00 CEST" duration-ms="4" status="PASS">
          <params>
            <param index="0">
              <value>
                <![CDATA[secondUsername]]>
              </value>
            </param>
            <param index="1">
              <value>
                <![CDATA[secondPassword]]>
              </value>
            </param>
          </params>
          <reporter-output>
          </reporter-output>
        </test-method> <!-- mobileSignIn -->
        <test-method signature="mobileSignIn(java.lang.String,java.lang.String)[pri:0, instance:testNGTutorial.Test4@1165b38]" started-at="2026-07-29T12:47:00 CEST" name="mobileSignIn" data-provider="getData" finished-at="2026-07-29T12:47:00 CEST" duration-ms="4" status="PASS">
          <params>
            <param index="0">
              <value>
                <![CDATA[thirdUsername]]>
              </value>
            </param>
            <param index="1">
              <value>
                <![CDATA[thirdPassword]]>
              </value>
            </param>
          </params>
          <reporter-output>
          </reporter-output>
        </test-method> <!-- mobileSignIn -->
      </class> <!-- testNGTutorial.Test4 -->
    </test> <!-- Sanity -->
  </suite> <!-- Sanity Test -->
</testng-results>
