<?xml version="1.0" encoding="UTF-8"?>
<testng-results ignored="0" total="12" passed="12" failed="0" skipped="0">
  <reporter-output>
  </reporter-output>
  <suite started-at="2026-07-25T12:02:02 CEST" name="MySuite" finished-at="2026-07-25T12:02:02 CEST" duration-ms="50">
    <groups>
    </groups>
    <test started-at="2026-07-25T12:02:02 CEST" name="Testing automation" finished-at="2026-07-25T12:02:02 CEST" duration-ms="50">
      <class name="testNGTutorial.TestNGIntro">
        <test-method signature="demo()[pri:0, instance:testNGTutorial.TestNGIntro@291ae]" started-at="2026-07-25T12:02:02 CEST" name="demo" finished-at="2026-07-25T12:02:02 CEST" duration-ms="1" status="PASS">
          <reporter-output>
          </reporter-output>
        </test-method> <!-- demo -->
        <test-method signature="testScenario()[pri:0, instance:testNGTutorial.TestNGIntro@291ae]" started-at="2026-07-25T12:02:02 CEST" name="testScenario" finished-at="2026-07-25T12:02:02 CEST" duration-ms="1" status="PASS">
          <reporter-output>
          </reporter-output>
        </test-method> <!-- testScenario -->
      </class> <!-- testNGTutorial.TestNGIntro -->
      <class name="testNGTutorial.Test2">
        <test-method signature="doNotExecute()[pri:0, instance:testNGTutorial.Test2@130161f7]" started-at="2026-07-25T12:02:02 CEST" name="doNotExecute" finished-at="2026-07-25T12:02:02 CEST" duration-ms="7" status="PASS">
          <reporter-output>
          </reporter-output>
        </test-method> <!-- doNotExecute -->
        <test-method signature="test3()[pri:0, instance:testNGTutorial.Test2@130161f7]" started-at="2026-07-25T12:02:02 CEST" name="test3" finished-at="2026-07-25T12:02:02 CEST" duration-ms="1" status="PASS">
          <reporter-output>
          </reporter-output>
        </test-method> <!-- test3 -->
      </class> <!-- testNGTutorial.Test2 -->
      <class name="testNGTutorial.Test3">
        <test-method signature="apiLogin()[pri:0, instance:testNGTutorial.Test3@2ef3eef9]" started-at="2026-07-25T12:02:02 CEST" name="apiLogin" finished-at="2026-07-25T12:02:02 CEST" duration-ms="2" status="PASS">
          <reporter-output>
          </reporter-output>
        </test-method> <!-- apiLogin -->
        <test-method signature="login()[pri:0, instance:testNGTutorial.Test3@2ef3eef9]" started-at="2026-07-25T12:02:02 CEST" name="login" finished-at="2026-07-25T12:02:02 CEST" duration-ms="2" status="PASS">
          <reporter-output>
          </reporter-output>
        </test-method> <!-- login -->
        <test-method signature="mobileLogin()[pri:0, instance:testNGTutorial.Test3@2ef3eef9]" started-at="2026-07-25T12:02:02 CEST" name="mobileLogin" finished-at="2026-07-25T12:02:02 CEST" duration-ms="1" status="PASS">
          <reporter-output>
          </reporter-output>
        </test-method> <!-- mobileLogin -->
      </class> <!-- testNGTutorial.Test3 -->
      <class name="testNGTutorial.Test4">
        <test-method signature="apiLoginHome()[pri:0, instance:testNGTutorial.Test4@243c4f91]" started-at="2026-07-25T12:02:02 CEST" name="apiLoginHome" finished-at="2026-07-25T12:02:02 CEST" duration-ms="1" status="PASS">
          <reporter-output>
          </reporter-output>
        </test-method> <!-- apiLoginHome -->
        <test-method signature="loginHome()[pri:0, instance:testNGTutorial.Test4@243c4f91]" started-at="2026-07-25T12:02:02 CEST" name="loginHome" finished-at="2026-07-25T12:02:02 CEST" duration-ms="0" status="PASS">
          <reporter-output>
          </reporter-output>
        </test-method> <!-- loginHome -->
        <test-method signature="mobileLoginHome()[pri:0, instance:testNGTutorial.Test4@243c4f91]" started-at="2026-07-25T12:02:02 CEST" name="mobileLoginHome" finished-at="2026-07-25T12:02:02 CEST" duration-ms="1" status="PASS">
          <reporter-output>
          </reporter-output>
        </test-method> <!-- mobileLoginHome -->
        <test-method signature="mobileSignIn()[pri:0, instance:testNGTutorial.Test4@243c4f91]" started-at="2026-07-25T12:02:02 CEST" name="mobileSignIn" finished-at="2026-07-25T12:02:02 CEST" duration-ms="0" status="PASS">
          <reporter-output>
          </reporter-output>
        </test-method> <!-- mobileSignIn -->
        <test-method signature="mobileSignOut()[pri:0, instance:testNGTutorial.Test4@243c4f91]" started-at="2026-07-25T12:02:02 CEST" name="mobileSignOut" finished-at="2026-07-25T12:02:02 CEST" duration-ms="0" status="PASS">
          <reporter-output>
          </reporter-output>
        </test-method> <!-- mobileSignOut -->
      </class> <!-- testNGTutorial.Test4 -->
    </test> <!-- Testing automation -->
  </suite> <!-- MySuite -->
</testng-results>
