<?xml version="1.0" encoding="UTF-8"?>
<!-- Generated by org.testng.reporters.JUnitReportReporter -->
<testsuite hostname="LIT5CG1291F7N" failures="0" tests="6" name="testNGTutorial.Test4" time="0.190" errors="0" timestamp="2026-07-29T12:47:01 CEST" skipped="1">
  <testcase classname="testNGTutorial.Test4" name="mobileLoginHome" time="0.032"/>
  <testcase classname="testNGTutorial.Test4" name="mobileSignIn" time="0.060"/>
  <testcase classname="testNGTutorial.Test4" name="loginHome" time="0.090"/>
  <testcase classname="testNGTutorial.Test4" name="mobileSignIn" time="0.004"/>
  <testcase classname="testNGTutorial.Test4" name="mobileSignIn" time="0.004"/>
  <testcase classname="testNGTutorial.Test4" name="mobileSignOut">
    <skipped/>
  </testcase> <!-- mobileSignOut -->
</testsuite> <!-- testNGTutorial.Test4 -->
