<?xml version="1.0" encoding="UTF-8"?>
<!-- Generated by org.testng.reporters.JUnitReportReporter -->
<testsuite hostname="Mattia" failures="0" tests="3" name="testNGTutorial.Test3" time="0.003" errors="0" timestamp="2026-07-25T11:49:04 CEST" skipped="0">
  <testcase classname="testNGTutorial.Test3" name="login" time="0.001"/>
  <testcase classname="testNGTutorial.Test3" name="apiLogin" time="0.001"/>
  <testcase classname="testNGTutorial.Test3" name="mobileLogin" time="0.001"/>
</testsuite> <!-- testNGTutorial.Test3 -->
