<?xml version="1.0" encoding="UTF-8"?>
<!-- Generated by org.testng.reporters.JUnitReportReporter -->
<testsuite hostname="Mattia" failures="0" tests="5" name="testNGTutorial.Test4" time="0.002" errors="0" timestamp="2026-07-25T12:02:02 CEST" skipped="0">
  <testcase classname="testNGTutorial.Test4" name="loginHome" time="0.000"/>
  <testcase classname="testNGTutorial.Test4" name="mobileLoginHome" time="0.001"/>
  <testcase classname="testNGTutorial.Test4" name="mobileSignOut" time="0.000"/>
  <testcase classname="testNGTutorial.Test4" name="apiLoginHome" time="0.001"/>
  <testcase classname="testNGTutorial.Test4" name="mobileSignIn" time="0.000"/>
</testsuite> <!-- testNGTutorial.Test4 -->
