<?xml version="1.0" encoding="UTF-8"?>
<!-- Generated by org.testng.reporters.JUnitXMLReporter -->
<testsuite ignored="2" hostname="LIT5CG1291F7N" failures="0" tests="5" name="Sanity" time="0.584" errors="0" timestamp="2026-07-29T12:47:00 CEST">
  <testcase classname="testNGTutorial.Test4" name="loginHome" time="0.09"/>
  <testcase classname="testNGTutorial.Test4" name="mobileLoginHome" time="0.032"/>
  <testcase classname="testNGTutorial.Test4" name="mobileSignIn" time="0.06"/>
  <testcase classname="testNGTutorial.Test4" name="mobileSignIn" time="0.004"/>
  <testcase classname="testNGTutorial.Test4" name="mobileSignIn" time="0.004"/>
  <testcase classname="testNGTutorial.Test4" name="apiLoginHome" time="0.0">
    <ignored/>
  </testcase> <!-- apiLoginHome -->
  <testcase classname="testNGTutorial.Test4" name="mobileSignOut" time="0.0">
    <ignored/>
  </testcase> <!-- mobileSignOut -->
</testsuite> <!-- Sanity -->
