<?xml version="1.0" encoding="UTF-8"?>
<!-- Generated by org.testng.reporters.JUnitXMLReporter -->
<testsuite ignored="2" hostname="LIT5CG1291F7N" failures="1" tests="5" name="Sanity" time="0.175" errors="0" timestamp="2026-07-29T16:05:01 CEST">
  <testcase classname="testNGTutorial.Test4" name="loginHome" time="0.018"/>
  <testcase classname="testNGTutorial.Test4" name="mobileLoginHome" time="0.017">
    <failure type="java.lang.AssertionError" message="expected [true] but found [false]">
      <![CDATA[java.lang.AssertionError: expected [true] but found [false]
at testNGTutorial.Test4.mobileLoginHome(Test4.java:24)
at java.base/java.util.ArrayList.forEach(ArrayList.java:1596)
at java.base/java.util.concurrent.FutureTask.run(FutureTask.java:317)
at java.base/java.util.concurrent.ThreadPoolExecutor.runWorker(ThreadPoolExecutor.java:1144)
at java.base/java.util.concurrent.ThreadPoolExecutor$Worker.run(ThreadPoolExecutor.java:642)
at java.base/java.lang.Thread.run(Thread.java:1583)
... Removed 19 stack frames]]>
    </failure>
  </testcase> <!-- mobileLoginHome -->
  <testcase classname="testNGTutorial.Test4" name="mobileSignIn" time="0.01"/>
  <testcase classname="testNGTutorial.Test4" name="mobileSignIn" time="0.004"/>
  <testcase classname="testNGTutorial.Test4" name="mobileSignIn" time="0.003"/>
  <testcase classname="testNGTutorial.Test4" name="apiLoginHome" time="0.0">
    <ignored/>
  </testcase> <!-- apiLoginHome -->
  <testcase classname="testNGTutorial.Test4" name="mobileSignOut" time="0.0">
    <ignored/>
  </testcase> <!-- mobileSignOut -->
</testsuite> <!-- Sanity -->
